{"D:\\---Dokumenty---\\IT\\memory-game-mobile\\components\\Card.js": {"path":"D:\\---Dokumenty---\\IT\\memory-game-mobile\\components\\Card.js","statementMap":{"0":{"start":{"line":5,"column":20},"end":{"line":150,"column":1}},"1":{"start":{"line":153,"column":22},"end":{"line":157,"column":3}},"2":{"start":{"line":154,"column":4},"end":{"line":156,"column":5}},"3":{"start":{"line":155,"column":6},"end":{"line":155,"column":27}},"4":{"start":{"line":160,"column":15},"end":{"line":160,"column":54}},"5":{"start":{"line":163,"column":18},"end":{"line":163,"column":53}},"6":{"start":{"line":167,"column":2},"end":{"line":169,"column":3}},"7":{"start":{"line":168,"column":4},"end":{"line":168,"column":45}},"8":{"start":{"line":172,"column":25},"end":{"line":172,"column":50}},"9":{"start":{"line":173,"column":22},"end":{"line":173,"column":84}},"10":{"start":{"line":175,"column":2},"end":{"line":184,"column":4}},"11":{"start":{"line":187,"column":15},"end":{"line":200,"column":2}}},"fnMap":{"0":{"name":"Card","decl":{"start":{"line":152,"column":24},"end":{"line":152,"column":28}},"loc":{"start":{"line":152,"column":110},"end":{"line":185,"column":1}},"line":152},"1":{"name":"(anonymous_1)","decl":{"start":{"line":153,"column":22},"end":{"line":153,"column":23}},"loc":{"start":{"line":153,"column":28},"end":{"line":157,"column":3}},"line":153}},"branchMap":{"0":{"loc":{"start":{"line":154,"column":4},"end":{"line":156,"column":5}},"type":"if","locations":[{"start":{"line":154,"column":4},"end":{"line":156,"column":5}},{"start":{},"end":{}}],"line":154},"1":{"loc":{"start":{"line":154,"column":8},"end":{"line":154,"column":32}},"type":"binary-expr","locations":[{"start":{"line":154,"column":8},"end":{"line":154,"column":18}},{"start":{"line":154,"column":22},"end":{"line":154,"column":32}}],"line":154},"2":{"loc":{"start":{"line":160,"column":15},"end":{"line":160,"column":54}},"type":"binary-expr","locations":[{"start":{"line":160,"column":15},"end":{"line":160,"column":36}},{"start":{"line":160,"column":40},"end":{"line":160,"column":54}}],"line":160},"3":{"loc":{"start":{"line":167,"column":2},"end":{"line":169,"column":3}},"type":"if","locations":[{"start":{"line":167,"column":2},"end":{"line":169,"column":3}},{"start":{},"end":{}}],"line":167},"4":{"loc":{"start":{"line":167,"column":6},"end":{"line":167,"column":32}},"type":"binary-expr","locations":[{"start":{"line":167,"column":6},"end":{"line":167,"column":15}},{"start":{"line":167,"column":19},"end":{"line":167,"column":32}}],"line":167},"5":{"loc":{"start":{"line":172,"column":25},"end":{"line":172,"column":50}},"type":"binary-expr","locations":[{"start":{"line":172,"column":25},"end":{"line":172,"column":34}},{"start":{"line":172,"column":38},"end":{"line":172,"column":50}}],"line":172},"6":{"loc":{"start":{"line":173,"column":22},"end":{"line":173,"column":84}},"type":"cond-expr","locations":[{"start":{"line":173,"column":39},"end":{"line":173,"column":58}},{"start":{"line":173,"column":61},"end":{"line":173,"column":84}}],"line":173},"7":{"loc":{"start":{"line":178,"column":16},"end":{"line":178,"column":41}},"type":"binary-expr","locations":[{"start":{"line":178,"column":16},"end":{"line":178,"column":25}},{"start":{"line":178,"column":29},"end":{"line":178,"column":41}}],"line":178}},"s":{"0":2,"1":17,"2":0,"3":0,"4":17,"5":17,"6":17,"7":2,"8":15,"9":15,"10":15,"11":2},"f":{"0":17,"1":0},"b":{"0":[0,0],"1":[0,0],"2":[17,0],"3":[2,15],"4":[17,3],"5":[15,12],"6":[6,9],"7":[15,12]},"_coverageSchema":"1a1c01bbd47fc00a2c39e90264f33305004495a9","hash":"410b825f84f002107165ddedef3472a6ecb16d4d"}
,"D:\\---Dokumenty---\\IT\\memory-game-mobile\\components\\GameBoard.js": {"path":"D:\\---Dokumenty---\\IT\\memory-game-mobile\\components\\GameBoard.js","statementMap":{"0":{"start":{"line":6,"column":26},"end":{"line":6,"column":95}},"1":{"start":{"line":7,"column":27},"end":{"line":7,"column":96}},"2":{"start":{"line":9,"column":14},"end":{"line":9,"column":54}},"3":{"start":{"line":9,"column":23},"end":{"line":9,"column":54}},"4":{"start":{"line":10,"column":14},"end":{"line":10,"column":50}},"5":{"start":{"line":10,"column":21},"end":{"line":10,"column":50}},"6":{"start":{"line":12,"column":21},"end":{"line":20,"column":1}},"7":{"start":{"line":13,"column":14},"end":{"line":13,"column":24}},"8":{"start":{"line":14,"column":2},"end":{"line":18,"column":3}},"9":{"start":{"line":14,"column":15},"end":{"line":14,"column":16}},"10":{"start":{"line":15,"column":17},"end":{"line":15,"column":34}},"11":{"start":{"line":16,"column":17},"end":{"line":16,"column":34}},"12":{"start":{"line":17,"column":4},"end":{"line":17,"column":52}},"13":{"start":{"line":19,"column":2},"end":{"line":19,"column":13}},"14":{"start":{"line":23,"column":28},"end":{"line":23,"column":40}},"15":{"start":{"line":24,"column":42},"end":{"line":24,"column":54}},"16":{"start":{"line":25,"column":42},"end":{"line":25,"column":54}},"17":{"start":{"line":26,"column":40},"end":{"line":26,"column":54}},"18":{"start":{"line":27,"column":40},"end":{"line":27,"column":54}},"19":{"start":{"line":28,"column":46},"end":{"line":28,"column":57}},"20":{"start":{"line":29,"column":30},"end":{"line":29,"column":42}},"21":{"start":{"line":30,"column":44},"end":{"line":30,"column":56}},"22":{"start":{"line":31,"column":42},"end":{"line":31,"column":57}},"23":{"start":{"line":32,"column":33},"end":{"line":32,"column":46}},"24":{"start":{"line":33,"column":30},"end":{"line":33,"column":40}},"25":{"start":{"line":36,"column":19},"end":{"line":36,"column":67}},"26":{"start":{"line":37,"column":20},"end":{"line":37,"column":48}},"27":{"start":{"line":38,"column":23},"end":{"line":38,"column":32}},"28":{"start":{"line":39,"column":21},"end":{"line":39,"column":32}},"29":{"start":{"line":41,"column":20},"end":{"line":52,"column":3}},"30":{"start":{"line":42,"column":4},"end":{"line":51,"column":5}},"31":{"start":{"line":43,"column":6},"end":{"line":50,"column":7}},"32":{"start":{"line":44,"column":25},"end":{"line":44,"column":45}},"33":{"start":{"line":45,"column":8},"end":{"line":47,"column":9}},"34":{"start":{"line":46,"column":10},"end":{"line":46,"column":45}},"35":{"start":{"line":49,"column":8},"end":{"line":49,"column":66}},"36":{"start":{"line":54,"column":23},"end":{"line":62,"column":18}},"37":{"start":{"line":55,"column":25},"end":{"line":55,"column":85}},"38":{"start":{"line":55,"column":75},"end":{"line":55,"column":83}},"39":{"start":{"line":56,"column":23},"end":{"line":56,"column":25}},"40":{"start":{"line":57,"column":4},"end":{"line":60,"column":5}},"41":{"start":{"line":57,"column":17},"end":{"line":57,"column":18}},"42":{"start":{"line":58,"column":22},"end":{"line":58,"column":37}},"43":{"start":{"line":59,"column":6},"end":{"line":59,"column":40}},"44":{"start":{"line":61,"column":4},"end":{"line":61,"column":36}},"45":{"start":{"line":64,"column":2},"end":{"line":86,"column":9}},"46":{"start":{"line":65,"column":23},"end":{"line":65,"column":37}},"47":{"start":{"line":66,"column":21},"end":{"line":71,"column":7}},"48":{"start":{"line":66,"column":55},"end":{"line":71,"column":5}},"49":{"start":{"line":72,"column":4},"end":{"line":72,"column":23}},"50":{"start":{"line":73,"column":4},"end":{"line":73,"column":38}},"51":{"start":{"line":75,"column":4},"end":{"line":75,"column":23}},"52":{"start":{"line":78,"column":4},"end":{"line":78,"column":37}},"53":{"start":{"line":80,"column":4},"end":{"line":85,"column":5}},"54":{"start":{"line":81,"column":24},"end":{"line":81,"column":60}},"55":{"start":{"line":81,"column":57},"end":{"line":81,"column":59}},"56":{"start":{"line":82,"column":6},"end":{"line":82,"column":27}},"57":{"start":{"line":83,"column":20},"end":{"line":83,"column":63}},"58":{"start":{"line":83,"column":54},"end":{"line":83,"column":61}},"59":{"start":{"line":84,"column":6},"end":{"line":84,"column":30}},"60":{"start":{"line":88,"column":25},"end":{"line":90,"column":44}},"61":{"start":{"line":89,"column":4},"end":{"line":89,"column":56}},"62":{"start":{"line":92,"column":18},"end":{"line":113,"column":27}},"63":{"start":{"line":93,"column":4},"end":{"line":93,"column":24}},"64":{"start":{"line":96,"column":4},"end":{"line":96,"column":26}},"65":{"start":{"line":99,"column":4},"end":{"line":107,"column":5}},"66":{"start":{"line":100,"column":6},"end":{"line":100,"column":26}},"67":{"start":{"line":102,"column":21},"end":{"line":102,"column":106}},"68":{"start":{"line":103,"column":24},"end":{"line":103,"column":44}},"69":{"start":{"line":104,"column":23},"end":{"line":104,"column":86}},"70":{"start":{"line":105,"column":25},"end":{"line":105,"column":71}},"71":{"start":{"line":106,"column":6},"end":{"line":106,"column":43}},"72":{"start":{"line":110,"column":4},"end":{"line":112,"column":13}},"73":{"start":{"line":111,"column":6},"end":{"line":111,"column":57}},"74":{"start":{"line":115,"column":28},"end":{"line":124,"column":19}},"75":{"start":{"line":116,"column":4},"end":{"line":119,"column":7}},"76":{"start":{"line":120,"column":4},"end":{"line":123,"column":13}},"77":{"start":{"line":121,"column":6},"end":{"line":121,"column":27}},"78":{"start":{"line":122,"column":6},"end":{"line":122,"column":27}},"79":{"start":{"line":126,"column":27},"end":{"line":129,"column":41}},"80":{"start":{"line":127,"column":22},"end":{"line":127,"column":38}},"81":{"start":{"line":128,"column":4},"end":{"line":128,"column":33}},"82":{"start":{"line":131,"column":26},"end":{"line":218,"column":163}},"83":{"start":{"line":134,"column":4},"end":{"line":136,"column":5}},"84":{"start":{"line":135,"column":6},"end":{"line":135,"column":13}},"85":{"start":{"line":138,"column":4},"end":{"line":138,"column":50}},"86":{"start":{"line":138,"column":43},"end":{"line":138,"column":50}},"87":{"start":{"line":139,"column":4},"end":{"line":139,"column":94}},"88":{"start":{"line":139,"column":87},"end":{"line":139,"column":94}},"89":{"start":{"line":141,"column":4},"end":{"line":141,"column":25}},"90":{"start":{"line":142,"column":17},"end":{"line":142,"column":49}},"91":{"start":{"line":142,"column":33},"end":{"line":142,"column":48}},"92":{"start":{"line":144,"column":4},"end":{"line":167,"column":5}},"93":{"start":{"line":145,"column":6},"end":{"line":166,"column":7}},"94":{"start":{"line":146,"column":8},"end":{"line":155,"column":11}},"95":{"start":{"line":147,"column":28},"end":{"line":147,"column":43}},"96":{"start":{"line":148,"column":28},"end":{"line":148,"column":48}},"97":{"start":{"line":149,"column":10},"end":{"line":153,"column":11}},"98":{"start":{"line":151,"column":12},"end":{"line":151,"column":46}},"99":{"start":{"line":152,"column":12},"end":{"line":152,"column":71}},"100":{"start":{"line":152,"column":37},"end":{"line":152,"column":69}},"101":{"start":{"line":152,"column":55},"end":{"line":152,"column":68}},"102":{"start":{"line":154,"column":10},"end":{"line":154,"column":27}},"103":{"start":{"line":156,"column":13},"end":{"line":166,"column":7}},"104":{"start":{"line":157,"column":8},"end":{"line":165,"column":11}},"105":{"start":{"line":158,"column":27},"end":{"line":158,"column":36}},"106":{"start":{"line":159,"column":22},"end":{"line":159,"column":46}},"107":{"start":{"line":160,"column":10},"end":{"line":163,"column":11}},"108":{"start":{"line":161,"column":30},"end":{"line":161,"column":60}},"109":{"start":{"line":162,"column":12},"end":{"line":162,"column":84}},"110":{"start":{"line":164,"column":10},"end":{"line":164,"column":26}},"111":{"start":{"line":169,"column":4},"end":{"line":217,"column":5}},"112":{"start":{"line":170,"column":6},"end":{"line":170,"column":45}},"113":{"start":{"line":171,"column":6},"end":{"line":171,"column":32}},"114":{"start":{"line":172,"column":11},"end":{"line":217,"column":5}},"115":{"start":{"line":173,"column":6},"end":{"line":173,"column":77}},"116":{"start":{"line":174,"column":6},"end":{"line":174,"column":49}},"117":{"start":{"line":174,"column":30},"end":{"line":174,"column":47}},"118":{"start":{"line":175,"column":6},"end":{"line":175,"column":28}},"119":{"start":{"line":177,"column":6},"end":{"line":216,"column":15}},"120":{"start":{"line":178,"column":28},"end":{"line":178,"column":58}},"121":{"start":{"line":179,"column":26},"end":{"line":179,"column":63}},"122":{"start":{"line":179,"column":42},"end":{"line":179,"column":62}},"123":{"start":{"line":180,"column":27},"end":{"line":180,"column":31}},"124":{"start":{"line":182,"column":8},"end":{"line":215,"column":9}},"125":{"start":{"line":183,"column":10},"end":{"line":183,"column":31}},"126":{"start":{"line":184,"column":10},"end":{"line":184,"column":66}},"127":{"start":{"line":184,"column":34},"end":{"line":184,"column":64}},"128":{"start":{"line":185,"column":10},"end":{"line":185,"column":43}},"129":{"start":{"line":186,"column":10},"end":{"line":186,"column":30}},"130":{"start":{"line":187,"column":10},"end":{"line":187,"column":53}},"131":{"start":{"line":189,"column":36},"end":{"line":189,"column":54}},"132":{"start":{"line":190,"column":10},"end":{"line":190,"column":47}},"133":{"start":{"line":192,"column":10},"end":{"line":199,"column":11}},"134":{"start":{"line":193,"column":12},"end":{"line":193,"column":93}},"135":{"start":{"line":193,"column":37},"end":{"line":193,"column":91}},"136":{"start":{"line":193,"column":55},"end":{"line":193,"column":90}},"137":{"start":{"line":194,"column":12},"end":{"line":198,"column":15}},"138":{"start":{"line":195,"column":32},"end":{"line":195,"column":47}},"139":{"start":{"line":196,"column":14},"end":{"line":196,"column":56}},"140":{"start":{"line":197,"column":14},"end":{"line":197,"column":31}},"141":{"start":{"line":201,"column":10},"end":{"line":209,"column":11}},"142":{"start":{"line":202,"column":34},"end":{"line":205,"column":13}},"143":{"start":{"line":206,"column":12},"end":{"line":206,"column":35}},"144":{"start":{"line":208,"column":12},"end":{"line":208,"column":33}},"145":{"start":{"line":211,"column":10},"end":{"line":211,"column":29}},"146":{"start":{"line":212,"column":10},"end":{"line":212,"column":43}},"147":{"start":{"line":213,"column":10},"end":{"line":213,"column":30}},"148":{"start":{"line":214,"column":10},"end":{"line":214,"column":29}},"149":{"start":{"line":220,"column":2},"end":{"line":278,"column":104}},"150":{"start":{"line":221,"column":4},"end":{"line":277,"column":5}},"151":{"start":{"line":222,"column":6},"end":{"line":222,"column":44}},"152":{"start":{"line":224,"column":6},"end":{"line":276,"column":14}},"153":{"start":{"line":225,"column":33},"end":{"line":232,"column":9}},"154":{"start":{"line":226,"column":10},"end":{"line":230,"column":11}},"155":{"start":{"line":226,"column":23},"end":{"line":226,"column":24}},"156":{"start":{"line":227,"column":12},"end":{"line":229,"column":13}},"157":{"start":{"line":228,"column":14},"end":{"line":228,"column":23}},"158":{"start":{"line":231,"column":10},"end":{"line":231,"column":20}},"159":{"start":{"line":234,"column":30},"end":{"line":241,"column":9}},"160":{"start":{"line":235,"column":27},"end":{"line":235,"column":54}},"161":{"start":{"line":236,"column":10},"end":{"line":236,"column":60}},"162":{"start":{"line":236,"column":50},"end":{"line":236,"column":60}},"163":{"start":{"line":237,"column":10},"end":{"line":239,"column":11}},"164":{"start":{"line":238,"column":12},"end":{"line":238,"column":44}},"165":{"start":{"line":238,"column":34},"end":{"line":238,"column":44}},"166":{"start":{"line":240,"column":10},"end":{"line":240,"column":20}},"167":{"start":{"line":243,"column":30},"end":{"line":243,"column":48}},"168":{"start":{"line":244,"column":8},"end":{"line":275,"column":9}},"169":{"start":{"line":245,"column":22},"end":{"line":245,"column":48}},"170":{"start":{"line":246,"column":10},"end":{"line":246,"column":40}},"171":{"start":{"line":247,"column":10},"end":{"line":250,"column":19}},"172":{"start":{"line":248,"column":12},"end":{"line":248,"column":42}},"173":{"start":{"line":249,"column":12},"end":{"line":249,"column":51}},"174":{"start":{"line":251,"column":15},"end":{"line":275,"column":9}},"175":{"start":{"line":252,"column":30},"end":{"line":252,"column":46}},"176":{"start":{"line":253,"column":28},"end":{"line":253,"column":65}},"177":{"start":{"line":253,"column":44},"end":{"line":253,"column":64}},"178":{"start":{"line":254,"column":10},"end":{"line":272,"column":11}},"179":{"start":{"line":255,"column":12},"end":{"line":255,"column":47}},"180":{"start":{"line":256,"column":28},"end":{"line":256,"column":71}},"181":{"start":{"line":257,"column":12},"end":{"line":269,"column":13}},"182":{"start":{"line":258,"column":14},"end":{"line":261,"column":23}},"183":{"start":{"line":259,"column":16},"end":{"line":259,"column":47}},"184":{"start":{"line":260,"column":16},"end":{"line":260,"column":55}},"185":{"start":{"line":262,"column":19},"end":{"line":269,"column":13}},"186":{"start":{"line":263,"column":14},"end":{"line":266,"column":23}},"187":{"start":{"line":264,"column":16},"end":{"line":264,"column":56}},"188":{"start":{"line":265,"column":16},"end":{"line":265,"column":55}},"189":{"start":{"line":268,"column":14},"end":{"line":268,"column":53}},"190":{"start":{"line":271,"column":12},"end":{"line":271,"column":51}},"191":{"start":{"line":274,"column":10},"end":{"line":274,"column":49}},"192":{"start":{"line":280,"column":22},"end":{"line":280,"column":52}},"193":{"start":{"line":281,"column":23},"end":{"line":281,"column":54}},"194":{"start":{"line":285,"column":23},"end":{"line":285,"column":39}},"195":{"start":{"line":286,"column":29},"end":{"line":286,"column":45}},"196":{"start":{"line":287,"column":28},"end":{"line":287,"column":45}},"197":{"start":{"line":288,"column":23},"end":{"line":288,"column":41}},"198":{"start":{"line":289,"column":26},"end":{"line":289,"column":89}},"199":{"start":{"line":290,"column":25},"end":{"line":290,"column":90}},"200":{"start":{"line":292,"column":26},"end":{"line":292,"column":47}},"201":{"start":{"line":293,"column":27},"end":{"line":293,"column":49}},"202":{"start":{"line":294,"column":17},"end":{"line":294,"column":72}},"203":{"start":{"line":296,"column":22},"end":{"line":296,"column":37}},"204":{"start":{"line":297,"column":21},"end":{"line":297,"column":36}},"205":{"start":{"line":298,"column":2},"end":{"line":298,"column":26}},"206":{"start":{"line":299,"column":25},"end":{"line":299,"column":74}},"207":{"start":{"line":301,"column":22},"end":{"line":303,"column":55}},"208":{"start":{"line":305,"column":2},"end":{"line":376,"column":4}},"209":{"start":{"line":329,"column":10},"end":{"line":343,"column":17}},"210":{"start":{"line":379,"column":15},"end":{"line":456,"column":2}}},"fnMap":{"0":{"name":"(anonymous_0)","decl":{"start":{"line":9,"column":14},"end":{"line":9,"column":15}},"loc":{"start":{"line":9,"column":23},"end":{"line":9,"column":54}},"line":9},"1":{"name":"(anonymous_1)","decl":{"start":{"line":10,"column":14},"end":{"line":10,"column":15}},"loc":{"start":{"line":10,"column":21},"end":{"line":10,"column":50}},"line":10},"2":{"name":"(anonymous_2)","decl":{"start":{"line":12,"column":21},"end":{"line":12,"column":22}},"loc":{"start":{"line":12,"column":32},"end":{"line":20,"column":1}},"line":12},"3":{"name":"GameBoard","decl":{"start":{"line":22,"column":24},"end":{"line":22,"column":33}},"loc":{"start":{"line":22,"column":159},"end":{"line":377,"column":1}},"line":22},"4":{"name":"(anonymous_4)","decl":{"start":{"line":41,"column":20},"end":{"line":41,"column":21}},"loc":{"start":{"line":41,"column":41},"end":{"line":52,"column":3}},"line":41},"5":{"name":"(anonymous_5)","decl":{"start":{"line":54,"column":35},"end":{"line":54,"column":36}},"loc":{"start":{"line":54,"column":41},"end":{"line":62,"column":3}},"line":54},"6":{"name":"(anonymous_6)","decl":{"start":{"line":55,"column":65},"end":{"line":55,"column":66}},"loc":{"start":{"line":55,"column":75},"end":{"line":55,"column":83}},"line":55},"7":{"name":"(anonymous_7)","decl":{"start":{"line":64,"column":12},"end":{"line":64,"column":13}},"loc":{"start":{"line":64,"column":18},"end":{"line":86,"column":3}},"line":64},"8":{"name":"(anonymous_8)","decl":{"start":{"line":66,"column":36},"end":{"line":66,"column":37}},"loc":{"start":{"line":66,"column":55},"end":{"line":71,"column":5}},"line":66},"9":{"name":"(anonymous_9)","decl":{"start":{"line":81,"column":51},"end":{"line":81,"column":52}},"loc":{"start":{"line":81,"column":57},"end":{"line":81,"column":59}},"line":81},"10":{"name":"(anonymous_10)","decl":{"start":{"line":83,"column":46},"end":{"line":83,"column":47}},"loc":{"start":{"line":83,"column":54},"end":{"line":83,"column":61}},"line":83},"11":{"name":"(anonymous_11)","decl":{"start":{"line":88,"column":37},"end":{"line":88,"column":38}},"loc":{"start":{"line":88,"column":43},"end":{"line":90,"column":3}},"line":88},"12":{"name":"(anonymous_12)","decl":{"start":{"line":92,"column":30},"end":{"line":92,"column":31}},"loc":{"start":{"line":92,"column":56},"end":{"line":113,"column":3}},"line":92},"13":{"name":"(anonymous_13)","decl":{"start":{"line":110,"column":15},"end":{"line":110,"column":16}},"loc":{"start":{"line":110,"column":21},"end":{"line":112,"column":5}},"line":110},"14":{"name":"(anonymous_14)","decl":{"start":{"line":115,"column":40},"end":{"line":115,"column":41}},"loc":{"start":{"line":115,"column":52},"end":{"line":124,"column":3}},"line":115},"15":{"name":"(anonymous_15)","decl":{"start":{"line":120,"column":15},"end":{"line":120,"column":16}},"loc":{"start":{"line":120,"column":21},"end":{"line":123,"column":5}},"line":120},"16":{"name":"(anonymous_16)","decl":{"start":{"line":126,"column":39},"end":{"line":126,"column":40}},"loc":{"start":{"line":126,"column":45},"end":{"line":129,"column":3}},"line":126},"17":{"name":"(anonymous_17)","decl":{"start":{"line":131,"column":38},"end":{"line":131,"column":39}},"loc":{"start":{"line":131,"column":74},"end":{"line":218,"column":3}},"line":131},"18":{"name":"(anonymous_18)","decl":{"start":{"line":142,"column":28},"end":{"line":142,"column":29}},"loc":{"start":{"line":142,"column":33},"end":{"line":142,"column":48}},"line":142},"19":{"name":"(anonymous_19)","decl":{"start":{"line":146,"column":18},"end":{"line":146,"column":19}},"loc":{"start":{"line":146,"column":32},"end":{"line":155,"column":9}},"line":146},"20":{"name":"(anonymous_20)","decl":{"start":{"line":152,"column":29},"end":{"line":152,"column":30}},"loc":{"start":{"line":152,"column":37},"end":{"line":152,"column":69}},"line":152},"21":{"name":"(anonymous_21)","decl":{"start":{"line":152,"column":49},"end":{"line":152,"column":50}},"loc":{"start":{"line":152,"column":55},"end":{"line":152,"column":68}},"line":152},"22":{"name":"(anonymous_22)","decl":{"start":{"line":157,"column":25},"end":{"line":157,"column":26}},"loc":{"start":{"line":157,"column":33},"end":{"line":165,"column":9}},"line":157},"23":{"name":"(anonymous_23)","decl":{"start":{"line":174,"column":22},"end":{"line":174,"column":23}},"loc":{"start":{"line":174,"column":30},"end":{"line":174,"column":47}},"line":174},"24":{"name":"(anonymous_24)","decl":{"start":{"line":177,"column":17},"end":{"line":177,"column":18}},"loc":{"start":{"line":177,"column":23},"end":{"line":216,"column":7}},"line":177},"25":{"name":"(anonymous_25)","decl":{"start":{"line":179,"column":37},"end":{"line":179,"column":38}},"loc":{"start":{"line":179,"column":42},"end":{"line":179,"column":62}},"line":179},"26":{"name":"(anonymous_26)","decl":{"start":{"line":184,"column":26},"end":{"line":184,"column":27}},"loc":{"start":{"line":184,"column":34},"end":{"line":184,"column":64}},"line":184},"27":{"name":"(anonymous_27)","decl":{"start":{"line":193,"column":29},"end":{"line":193,"column":30}},"loc":{"start":{"line":193,"column":37},"end":{"line":193,"column":91}},"line":193},"28":{"name":"(anonymous_28)","decl":{"start":{"line":193,"column":49},"end":{"line":193,"column":50}},"loc":{"start":{"line":193,"column":55},"end":{"line":193,"column":90}},"line":193},"29":{"name":"(anonymous_29)","decl":{"start":{"line":194,"column":22},"end":{"line":194,"column":23}},"loc":{"start":{"line":194,"column":36},"end":{"line":198,"column":13}},"line":194},"30":{"name":"(anonymous_30)","decl":{"start":{"line":220,"column":12},"end":{"line":220,"column":13}},"loc":{"start":{"line":220,"column":18},"end":{"line":278,"column":3}},"line":220},"31":{"name":"(anonymous_31)","decl":{"start":{"line":224,"column":17},"end":{"line":224,"column":18}},"loc":{"start":{"line":224,"column":23},"end":{"line":276,"column":7}},"line":224},"32":{"name":"(anonymous_32)","decl":{"start":{"line":225,"column":33},"end":{"line":225,"column":34}},"loc":{"start":{"line":225,"column":39},"end":{"line":232,"column":9}},"line":225},"33":{"name":"(anonymous_33)","decl":{"start":{"line":234,"column":30},"end":{"line":234,"column":31}},"loc":{"start":{"line":234,"column":56},"end":{"line":241,"column":9}},"line":234},"34":{"name":"(anonymous_34)","decl":{"start":{"line":247,"column":21},"end":{"line":247,"column":22}},"loc":{"start":{"line":247,"column":27},"end":{"line":250,"column":11}},"line":247},"35":{"name":"(anonymous_35)","decl":{"start":{"line":253,"column":39},"end":{"line":253,"column":40}},"loc":{"start":{"line":253,"column":44},"end":{"line":253,"column":64}},"line":253},"36":{"name":"(anonymous_36)","decl":{"start":{"line":258,"column":25},"end":{"line":258,"column":26}},"loc":{"start":{"line":258,"column":31},"end":{"line":261,"column":15}},"line":258},"37":{"name":"(anonymous_37)","decl":{"start":{"line":263,"column":25},"end":{"line":263,"column":26}},"loc":{"start":{"line":263,"column":31},"end":{"line":266,"column":15}},"line":263},"38":{"name":"(anonymous_38)","decl":{"start":{"line":328,"column":19},"end":{"line":328,"column":20}},"loc":{"start":{"line":329,"column":10},"end":{"line":343,"column":17}},"line":329}},"branchMap":{"0":{"loc":{"start":{"line":36,"column":19},"end":{"line":36,"column":67}},"type":"cond-expr","locations":[{"start":{"line":36,"column":29},"end":{"line":36,"column":46}},{"start":{"line":36,"column":49},"end":{"line":36,"column":67}}],"line":36},"1":{"loc":{"start":{"line":42,"column":4},"end":{"line":51,"column":5}},"type":"if","locations":[{"start":{"line":42,"column":4},"end":{"line":51,"column":5}},{"start":{},"end":{}}],"line":42},"2":{"loc":{"start":{"line":45,"column":8},"end":{"line":47,"column":9}},"type":"if","locations":[{"start":{"line":45,"column":8},"end":{"line":47,"column":9}},{"start":{},"end":{}}],"line":45},"3":{"loc":{"start":{"line":80,"column":4},"end":{"line":85,"column":5}},"type":"if","locations":[{"start":{"line":80,"column":4},"end":{"line":85,"column":5}},{"start":{},"end":{}}],"line":80},"4":{"loc":{"start":{"line":89,"column":11},"end":{"line":89,"column":55}},"type":"binary-expr","locations":[{"start":{"line":89,"column":11},"end":{"line":89,"column":32}},{"start":{"line":89,"column":36},"end":{"line":89,"column":55}}],"line":89},"5":{"loc":{"start":{"line":92,"column":31},"end":{"line":92,"column":51}},"type":"default-arg","locations":[{"start":{"line":92,"column":45},"end":{"line":92,"column":51}}],"line":92},"6":{"loc":{"start":{"line":99,"column":4},"end":{"line":107,"column":5}},"type":"if","locations":[{"start":{"line":99,"column":4},"end":{"line":107,"column":5}},{"start":{"line":101,"column":11},"end":{"line":107,"column":5}}],"line":99},"7":{"loc":{"start":{"line":102,"column":21},"end":{"line":102,"column":106}},"type":"cond-expr","locations":[{"start":{"line":102,"column":65},"end":{"line":102,"column":84}},{"start":{"line":102,"column":87},"end":{"line":102,"column":106}}],"line":102},"8":{"loc":{"start":{"line":104,"column":23},"end":{"line":104,"column":86}},"type":"cond-expr","locations":[{"start":{"line":104,"column":78},"end":{"line":104,"column":81}},{"start":{"line":104,"column":84},"end":{"line":104,"column":86}}],"line":104},"9":{"loc":{"start":{"line":105,"column":25},"end":{"line":105,"column":71}},"type":"cond-expr","locations":[{"start":{"line":105,"column":44},"end":{"line":105,"column":56}},{"start":{"line":105,"column":59},"end":{"line":105,"column":71}}],"line":105},"10":{"loc":{"start":{"line":131,"column":47},"end":{"line":131,"column":69}},"type":"default-arg","locations":[{"start":{"line":131,"column":64},"end":{"line":131,"column":69}}],"line":131},"11":{"loc":{"start":{"line":134,"column":4},"end":{"line":136,"column":5}},"type":"if","locations":[{"start":{"line":134,"column":4},"end":{"line":136,"column":5}},{"start":{},"end":{}}],"line":134},"12":{"loc":{"start":{"line":134,"column":8},"end":{"line":134,"column":69}},"type":"binary-expr","locations":[{"start":{"line":134,"column":8},"end":{"line":134,"column":23}},{"start":{"line":134,"column":28},"end":{"line":134,"column":48}},{"start":{"line":134,"column":52},"end":{"line":134,"column":68}}],"line":134},"13":{"loc":{"start":{"line":138,"column":4},"end":{"line":138,"column":50}},"type":"if","locations":[{"start":{"line":138,"column":4},"end":{"line":138,"column":50}},{"start":{},"end":{}}],"line":138},"14":{"loc":{"start":{"line":138,"column":8},"end":{"line":138,"column":41}},"type":"binary-expr","locations":[{"start":{"line":138,"column":8},"end":{"line":138,"column":20}},{"start":{"line":138,"column":24},"end":{"line":138,"column":41}}],"line":138},"15":{"loc":{"start":{"line":139,"column":4},"end":{"line":139,"column":94}},"type":"if","locations":[{"start":{"line":139,"column":4},"end":{"line":139,"column":94}},{"start":{},"end":{}}],"line":139},"16":{"loc":{"start":{"line":139,"column":8},"end":{"line":139,"column":85}},"type":"binary-expr","locations":[{"start":{"line":139,"column":8},"end":{"line":139,"column":52}},{"start":{"line":139,"column":56},"end":{"line":139,"column":85}}],"line":139},"17":{"loc":{"start":{"line":144,"column":4},"end":{"line":167,"column":5}},"type":"if","locations":[{"start":{"line":144,"column":4},"end":{"line":167,"column":5}},{"start":{},"end":{}}],"line":144},"18":{"loc":{"start":{"line":145,"column":6},"end":{"line":166,"column":7}},"type":"if","locations":[{"start":{"line":145,"column":6},"end":{"line":166,"column":7}},{"start":{"line":156,"column":13},"end":{"line":166,"column":7}}],"line":145},"19":{"loc":{"start":{"line":149,"column":10},"end":{"line":153,"column":11}},"type":"if","locations":[{"start":{"line":149,"column":10},"end":{"line":153,"column":11}},{"start":{},"end":{}}],"line":149},"20":{"loc":{"start":{"line":149,"column":14},"end":{"line":150,"column":87}},"type":"binary-expr","locations":[{"start":{"line":149,"column":14},"end":{"line":149,"column":47}},{"start":{"line":150,"column":15},"end":{"line":150,"column":48}},{"start":{"line":150,"column":52},"end":{"line":150,"column":86}}],"line":149},"21":{"loc":{"start":{"line":156,"column":13},"end":{"line":166,"column":7}},"type":"if","locations":[{"start":{"line":156,"column":13},"end":{"line":166,"column":7}},{"start":{},"end":{}}],"line":156},"22":{"loc":{"start":{"line":160,"column":10},"end":{"line":163,"column":11}},"type":"if","locations":[{"start":{"line":160,"column":10},"end":{"line":163,"column":11}},{"start":{},"end":{}}],"line":160},"23":{"loc":{"start":{"line":160,"column":14},"end":{"line":160,"column":46}},"type":"binary-expr","locations":[{"start":{"line":160,"column":14},"end":{"line":160,"column":23}},{"start":{"line":160,"column":27},"end":{"line":160,"column":46}}],"line":160},"24":{"loc":{"start":{"line":169,"column":4},"end":{"line":217,"column":5}},"type":"if","locations":[{"start":{"line":169,"column":4},"end":{"line":217,"column":5}},{"start":{"line":172,"column":11},"end":{"line":217,"column":5}}],"line":169},"25":{"loc":{"start":{"line":172,"column":11},"end":{"line":217,"column":5}},"type":"if","locations":[{"start":{"line":172,"column":11},"end":{"line":217,"column":5}},{"start":{},"end":{}}],"line":172},"26":{"loc":{"start":{"line":182,"column":8},"end":{"line":215,"column":9}},"type":"if","locations":[{"start":{"line":182,"column":8},"end":{"line":215,"column":9}},{"start":{"line":210,"column":15},"end":{"line":215,"column":9}}],"line":182},"27":{"loc":{"start":{"line":192,"column":10},"end":{"line":199,"column":11}},"type":"if","locations":[{"start":{"line":192,"column":10},"end":{"line":199,"column":11}},{"start":{},"end":{}}],"line":192},"28":{"loc":{"start":{"line":193,"column":55},"end":{"line":193,"column":90}},"type":"binary-expr","locations":[{"start":{"line":193,"column":55},"end":{"line":193,"column":73}},{"start":{"line":193,"column":77},"end":{"line":193,"column":90}}],"line":193},"29":{"loc":{"start":{"line":201,"column":10},"end":{"line":209,"column":11}},"type":"if","locations":[{"start":{"line":201,"column":10},"end":{"line":209,"column":11}},{"start":{"line":207,"column":17},"end":{"line":209,"column":11}}],"line":201},"30":{"loc":{"start":{"line":221,"column":4},"end":{"line":277,"column":5}},"type":"if","locations":[{"start":{"line":221,"column":4},"end":{"line":277,"column":5}},{"start":{},"end":{}}],"line":221},"31":{"loc":{"start":{"line":221,"column":8},"end":{"line":221,"column":123}},"type":"binary-expr","locations":[{"start":{"line":221,"column":8},"end":{"line":221,"column":24}},{"start":{"line":221,"column":28},"end":{"line":221,"column":39}},{"start":{"line":221,"column":43},"end":{"line":221,"column":68}},{"start":{"line":221,"column":72},"end":{"line":221,"column":88}},{"start":{"line":221,"column":92},"end":{"line":221,"column":123}}],"line":221},"32":{"loc":{"start":{"line":227,"column":12},"end":{"line":229,"column":13}},"type":"if","locations":[{"start":{"line":227,"column":12},"end":{"line":229,"column":13}},{"start":{},"end":{}}],"line":227},"33":{"loc":{"start":{"line":227,"column":16},"end":{"line":227,"column":51}},"type":"binary-expr","locations":[{"start":{"line":227,"column":16},"end":{"line":227,"column":25}},{"start":{"line":227,"column":29},"end":{"line":227,"column":51}}],"line":227},"34":{"loc":{"start":{"line":236,"column":10},"end":{"line":236,"column":60}},"type":"if","locations":[{"start":{"line":236,"column":10},"end":{"line":236,"column":60}},{"start":{},"end":{}}],"line":236},"35":{"loc":{"start":{"line":236,"column":14},"end":{"line":236,"column":48}},"type":"binary-expr","locations":[{"start":{"line":236,"column":14},"end":{"line":236,"column":23}},{"start":{"line":236,"column":27},"end":{"line":236,"column":48}}],"line":236},"36":{"loc":{"start":{"line":238,"column":12},"end":{"line":238,"column":44}},"type":"if","locations":[{"start":{"line":238,"column":12},"end":{"line":238,"column":44}},{"start":{},"end":{}}],"line":238},"37":{"loc":{"start":{"line":244,"column":8},"end":{"line":275,"column":9}},"type":"if","locations":[{"start":{"line":244,"column":8},"end":{"line":275,"column":9}},{"start":{"line":251,"column":15},"end":{"line":275,"column":9}}],"line":244},"38":{"loc":{"start":{"line":244,"column":12},"end":{"line":244,"column":70}},"type":"binary-expr","locations":[{"start":{"line":244,"column":12},"end":{"line":244,"column":32}},{"start":{"line":244,"column":36},"end":{"line":244,"column":70}}],"line":244},"39":{"loc":{"start":{"line":251,"column":15},"end":{"line":275,"column":9}},"type":"if","locations":[{"start":{"line":251,"column":15},"end":{"line":275,"column":9}},{"start":{"line":273,"column":15},"end":{"line":275,"column":9}}],"line":251},"40":{"loc":{"start":{"line":254,"column":10},"end":{"line":272,"column":11}},"type":"if","locations":[{"start":{"line":254,"column":10},"end":{"line":272,"column":11}},{"start":{"line":270,"column":17},"end":{"line":272,"column":11}}],"line":254},"41":{"loc":{"start":{"line":257,"column":12},"end":{"line":269,"column":13}},"type":"if","locations":[{"start":{"line":257,"column":12},"end":{"line":269,"column":13}},{"start":{"line":262,"column":19},"end":{"line":269,"column":13}}],"line":257},"42":{"loc":{"start":{"line":262,"column":19},"end":{"line":269,"column":13}},"type":"if","locations":[{"start":{"line":262,"column":19},"end":{"line":269,"column":13}},{"start":{"line":267,"column":19},"end":{"line":269,"column":13}}],"line":262},"43":{"loc":{"start":{"line":286,"column":29},"end":{"line":286,"column":45}},"type":"cond-expr","locations":[{"start":{"line":286,"column":39},"end":{"line":286,"column":41}},{"start":{"line":286,"column":44},"end":{"line":286,"column":45}}],"line":286},"44":{"loc":{"start":{"line":287,"column":28},"end":{"line":287,"column":45}},"type":"cond-expr","locations":[{"start":{"line":287,"column":38},"end":{"line":287,"column":39}},{"start":{"line":287,"column":42},"end":{"line":287,"column":45}}],"line":287},"45":{"loc":{"start":{"line":299,"column":58},"end":{"line":299,"column":73}},"type":"cond-expr","locations":[{"start":{"line":299,"column":68},"end":{"line":299,"column":69}},{"start":{"line":299,"column":72},"end":{"line":299,"column":73}}],"line":299},"46":{"loc":{"start":{"line":301,"column":22},"end":{"line":303,"column":55}},"type":"cond-expr","locations":[{"start":{"line":302,"column":4},"end":{"line":302,"column":13}},{"start":{"line":303,"column":4},"end":{"line":303,"column":55}}],"line":301},"47":{"loc":{"start":{"line":303,"column":4},"end":{"line":303,"column":55}},"type":"cond-expr","locations":[{"start":{"line":303,"column":34},"end":{"line":303,"column":43}},{"start":{"line":303,"column":46},"end":{"line":303,"column":55}}],"line":303},"48":{"loc":{"start":{"line":307,"column":23},"end":{"line":307,"column":55}},"type":"cond-expr","locations":[{"start":{"line":307,"column":33},"end":{"line":307,"column":34}},{"start":{"line":307,"column":37},"end":{"line":307,"column":55}}],"line":307},"49":{"loc":{"start":{"line":312,"column":7},"end":{"line":321,"column":7}},"type":"binary-expr","locations":[{"start":{"line":312,"column":7},"end":{"line":312,"column":15}},{"start":{"line":313,"column":8},"end":{"line":320,"column":27}}],"line":312},"50":{"loc":{"start":{"line":332,"column":27},"end":{"line":332,"column":87}},"type":"cond-expr","locations":[{"start":{"line":332,"column":72},"end":{"line":332,"column":78}},{"start":{"line":332,"column":81},"end":{"line":332,"column":87}}],"line":332},"51":{"loc":{"start":{"line":332,"column":28},"end":{"line":332,"column":68}},"type":"binary-expr","locations":[{"start":{"line":332,"column":28},"end":{"line":332,"column":48}},{"start":{"line":332,"column":52},"end":{"line":332,"column":68}}],"line":332},"52":{"loc":{"start":{"line":348,"column":7},"end":{"line":357,"column":7}},"type":"binary-expr","locations":[{"start":{"line":348,"column":7},"end":{"line":348,"column":14}},{"start":{"line":349,"column":8},"end":{"line":356,"column":27}}],"line":348},"53":{"loc":{"start":{"line":367,"column":13},"end":{"line":371,"column":13}},"type":"binary-expr","locations":[{"start":{"line":367,"column":13},"end":{"line":367,"column":44}},{"start":{"line":368,"column":14},"end":{"line":370,"column":33}}],"line":367}},"s":{"0":1,"1":1,"2":1,"3":0,"4":1,"5":0,"6":1,"7":0,"8":0,"9":0,"10":0,"11":0,"12":0,"13":0,"14":48,"15":48,"16":48,"17":48,"18":48,"19":48,"20":48,"21":48,"22":48,"23":48,"24":48,"25":48,"26":48,"27":48,"28":48,"29":48,"30":0,"31":0,"32":0,"33":0,"34":0,"35":0,"36":48,"37":0,"38":0,"39":0,"40":0,"41":0,"42":0,"43":0,"44":0,"45":48,"46":0,"47":0,"48":0,"49":0,"50":0,"51":0,"52":0,"53":0,"54":0,"55":0,"56":0,"57":0,"58":0,"59":0,"60":48,"61":0,"62":48,"63":0,"64":0,"65":0,"66":0,"67":0,"68":0,"69":0,"70":0,"71":0,"72":0,"73":0,"74":48,"75":0,"76":0,"77":0,"78":0,"79":48,"80":0,"81":0,"82":48,"83":0,"84":0,"85":0,"86":0,"87":0,"88":0,"89":0,"90":0,"91":0,"92":0,"93":0,"94":0,"95":0,"96":0,"97":0,"98":0,"99":0,"100":0,"101":0,"102":0,"103":0,"104":0,"105":0,"106":0,"107":0,"108":0,"109":0,"110":0,"111":0,"112":0,"113":0,"114":0,"115":0,"116":0,"117":0,"118":0,"119":0,"120":0,"121":0,"122":0,"123":0,"124":0,"125":0,"126":0,"127":0,"128":0,"129":0,"130":0,"131":0,"132":0,"133":0,"134":0,"135":0,"136":0,"137":0,"138":0,"139":0,"140":0,"141":0,"142":0,"143":0,"144":0,"145":0,"146":0,"147":0,"148":0,"149":48,"150":0,"151":0,"152":0,"153":0,"154":0,"155":0,"156":0,"157":0,"158":0,"159":0,"160":0,"161":0,"162":0,"163":0,"164":0,"165":0,"166":0,"167":0,"168":0,"169":0,"170":0,"171":0,"172":0,"173":0,"174":0,"175":0,"176":0,"177":0,"178":0,"179":0,"180":0,"181":0,"182":0,"183":0,"184":0,"185":0,"186":0,"187":0,"188":0,"189":0,"190":0,"191":0,"192":48,"193":0,"194":0,"195":0,"196":0,"197":0,"198":0,"199":0,"200":0,"201":0,"202":0,"203":0,"204":0,"205":0,"206":0,"207":0,"208":0,"209":0,"210":1},"f":{"0":0,"1":0,"2":0,"3":48,"4":0,"5":0,"6":0,"7":0,"8":0,"9":0,"10":0,"11":0,"12":0,"13":0,"14":0,"15":0,"16":0,"17":0,"18":0,"19":0,"20":0,"21":0,"22":0,"23":0,"24":0,"25":0,"26":0,"27":0,"28":0,"29":0,"30":0,"31":0,"32":0,"33":0,"34":0,"35":0,"36":0,"37":0,"38":0},"b":{"0":[46,2],"1":[0,0],"2":[0,0],"3":[0,0],"4":[0,0],"5":[0],"6":[0,0],"7":[0,0],"8":[0,0],"9":[0,0],"10":[0],"11":[0,0],"12":[0,0,0],"13":[0,0],"14":[0,0],"15":[0,0],"16":[0,0],"17":[0,0],"18":[0,0],"19":[0,0],"20":[0,0,0],"21":[0,0],"22":[0,0],"23":[0,0],"24":[0,0],"25":[0,0],"26":[0,0],"27":[0,0],"28":[0,0],"29":[0,0],"30":[0,0],"31":[0,0,0,0,0],"32":[0,0],"33":[0,0],"34":[0,0],"35":[0,0],"36":[0,0],"37":[0,0],"38":[0,0],"39":[0,0],"40":[0,0],"41":[0,0],"42":[0,0],"43":[0,0],"44":[0,0],"45":[0,0],"46":[0,0],"47":[0,0],"48":[0,0],"49":[0,0],"50":[0,0],"51":[0,0],"52":[0,0],"53":[0,0]},"_coverageSchema":"1a1c01bbd47fc00a2c39e90264f33305004495a9","hash":"8fed36c1295d7ea9243bfe3cab9475aa8ec5e94a"}
,"D:\\---Dokumenty---\\IT\\memory-game-mobile\\components\\Header.js": {"path":"D:\\---Dokumenty---\\IT\\memory-game-mobile\\components\\Header.js","statementMap":{"0":{"start":{"line":5,"column":2},"end":{"line":32,"column":4}},"1":{"start":{"line":35,"column":15},"end":{"line":83,"column":2}}},"fnMap":{"0":{"name":"Header","decl":{"start":{"line":4,"column":24},"end":{"line":4,"column":30}},"loc":{"start":{"line":4,"column":104},"end":{"line":33,"column":1}},"line":4}},"branchMap":{"0":{"loc":{"start":{"line":6,"column":60},"end":{"line":6,"column":76}},"type":"cond-expr","locations":[{"start":{"line":6,"column":70},"end":{"line":6,"column":72}},{"start":{"line":6,"column":75},"end":{"line":6,"column":76}}],"line":6},"1":{"loc":{"start":{"line":8,"column":47},"end":{"line":8,"column":104}},"type":"binary-expr","locations":[{"start":{"line":8,"column":47},"end":{"line":8,"column":58}},{"start":{"line":8,"column":62},"end":{"line":8,"column":81}},{"start":{"line":8,"column":85},"end":{"line":8,"column":104}}],"line":8},"2":{"loc":{"start":{"line":23,"column":47},"end":{"line":23,"column":104}},"type":"binary-expr","locations":[{"start":{"line":23,"column":47},"end":{"line":23,"column":58}},{"start":{"line":23,"column":62},"end":{"line":23,"column":81}},{"start":{"line":23,"column":85},"end":{"line":23,"column":104}}],"line":23}},"s":{"0":17,"1":1},"f":{"0":17},"b":{"0":[16,1],"1":[17,16,14],"2":[17,16,2]},"_coverageSchema":"1a1c01bbd47fc00a2c39e90264f33305004495a9","hash":"f3ec56515d3def6fdb01f1c8a22c56997c8a483c"}
,"D:\\---Dokumenty---\\IT\\memory-game-mobile\\components\\WelcomeScreen.js": {"path":"D:\\---Dokumenty---\\IT\\memory-game-mobile\\components\\WelcomeScreen.js","statementMap":{"0":{"start":{"line":6,"column":27},"end":{"line":9,"column":1}},"1":{"start":{"line":11,"column":30},"end":{"line":17,"column":1}},"2":{"start":{"line":19,"column":31},"end":{"line":25,"column":1}},"3":{"start":{"line":27,"column":21},"end":{"line":27,"column":59}},"4":{"start":{"line":28,"column":30},"end":{"line":28,"column":73}},"5":{"start":{"line":29,"column":19},"end":{"line":29,"column":58}},"6":{"start":{"line":30,"column":17},"end":{"line":30,"column":57}},"7":{"start":{"line":31,"column":17},"end":{"line":31,"column":61}},"8":{"start":{"line":32,"column":18},"end":{"line":32,"column":59}},"9":{"start":{"line":33,"column":19},"end":{"line":33,"column":61}},"10":{"start":{"line":37,"column":19},"end":{"line":37,"column":52}},"11":{"start":{"line":39,"column":40},"end":{"line":39,"column":115}},"12":{"start":{"line":40,"column":40},"end":{"line":40,"column":115}},"13":{"start":{"line":41,"column":36},"end":{"line":41,"column":72}},"14":{"start":{"line":42,"column":38},"end":{"line":42,"column":77}},"15":{"start":{"line":43,"column":34},"end":{"line":43,"column":70}},"16":{"start":{"line":44,"column":42},"end":{"line":44,"column":83}},"17":{"start":{"line":45,"column":38},"end":{"line":45,"column":74}},"18":{"start":{"line":46,"column":36},"end":{"line":46,"column":90}},"19":{"start":{"line":47,"column":46},"end":{"line":47,"column":89}},"20":{"start":{"line":48,"column":36},"end":{"line":48,"column":109}},"21":{"start":{"line":49,"column":42},"end":{"line":49,"column":129}},"22":{"start":{"line":51,"column":23},"end":{"line":51,"column":79}},"23":{"start":{"line":53,"column":2},"end":{"line":59,"column":33}},"24":{"start":{"line":54,"column":28},"end":{"line":54,"column":89}},"25":{"start":{"line":55,"column":4},"end":{"line":55,"column":37}},"26":{"start":{"line":56,"column":4},"end":{"line":58,"column":5}},"27":{"start":{"line":57,"column":6},"end":{"line":57,"column":38}},"28":{"start":{"line":62,"column":2},"end":{"line":66,"column":20}},"29":{"start":{"line":63,"column":4},"end":{"line":65,"column":5}},"30":{"start":{"line":64,"column":6},"end":{"line":64,"column":32}},"31":{"start":{"line":68,"column":30},"end":{"line":77,"column":3}},"32":{"start":{"line":69,"column":4},"end":{"line":72,"column":5}},"33":{"start":{"line":71,"column":6},"end":{"line":71,"column":13}},"34":{"start":{"line":74,"column":21},"end":{"line":74,"column":32}},"35":{"start":{"line":75,"column":4},"end":{"line":75,"column":32}},"36":{"start":{"line":76,"column":4},"end":{"line":76,"column":29}},"37":{"start":{"line":79,"column":31},"end":{"line":89,"column":3}},"38":{"start":{"line":80,"column":4},"end":{"line":88,"column":5}},"39":{"start":{"line":82,"column":6},"end":{"line":82,"column":35}},"40":{"start":{"line":83,"column":6},"end":{"line":83,"column":28}},"41":{"start":{"line":86,"column":6},"end":{"line":86,"column":32}},"42":{"start":{"line":87,"column":6},"end":{"line":87,"column":29}},"43":{"start":{"line":91,"column":22},"end":{"line":110,"column":3}},"44":{"start":{"line":93,"column":4},"end":{"line":95,"column":5}},"45":{"start":{"line":94,"column":6},"end":{"line":94,"column":21}},"46":{"start":{"line":97,"column":21},"end":{"line":108,"column":5}},"47":{"start":{"line":109,"column":4},"end":{"line":109,"column":26}},"48":{"start":{"line":112,"column":2},"end":{"line":300,"column":4}},"49":{"start":{"line":175,"column":31},"end":{"line":175,"column":48}},"50":{"start":{"line":185,"column":31},"end":{"line":185,"column":48}},"51":{"start":{"line":195,"column":31},"end":{"line":195,"column":48}},"52":{"start":{"line":205,"column":31},"end":{"line":205,"column":48}},"53":{"start":{"line":215,"column":31},"end":{"line":215,"column":49}},"54":{"start":{"line":231,"column":31},"end":{"line":231,"column":48}},"55":{"start":{"line":239,"column":31},"end":{"line":239,"column":49}},"56":{"start":{"line":247,"column":31},"end":{"line":247,"column":49}},"57":{"start":{"line":261,"column":31},"end":{"line":261,"column":51}},"58":{"start":{"line":269,"column":31},"end":{"line":269,"column":52}},"59":{"start":{"line":303,"column":24},"end":{"line":307,"column":1}},"60":{"start":{"line":309,"column":15},"end":{"line":466,"column":2}}},"fnMap":{"0":{"name":"WelcomeScreen","decl":{"start":{"line":35,"column":24},"end":{"line":35,"column":37}},"loc":{"start":{"line":35,"column":132},"end":{"line":301,"column":1}},"line":35},"1":{"name":"(anonymous_1)","decl":{"start":{"line":53,"column":12},"end":{"line":53,"column":13}},"loc":{"start":{"line":53,"column":18},"end":{"line":59,"column":3}},"line":53},"2":{"name":"(anonymous_2)","decl":{"start":{"line":62,"column":12},"end":{"line":62,"column":13}},"loc":{"start":{"line":62,"column":18},"end":{"line":66,"column":3}},"line":62},"3":{"name":"(anonymous_3)","decl":{"start":{"line":68,"column":30},"end":{"line":68,"column":31}},"loc":{"start":{"line":68,"column":36},"end":{"line":77,"column":3}},"line":68},"4":{"name":"(anonymous_4)","decl":{"start":{"line":79,"column":31},"end":{"line":79,"column":32}},"loc":{"start":{"line":79,"column":37},"end":{"line":89,"column":3}},"line":79},"5":{"name":"(anonymous_5)","decl":{"start":{"line":91,"column":22},"end":{"line":91,"column":23}},"loc":{"start":{"line":91,"column":28},"end":{"line":110,"column":3}},"line":91},"6":{"name":"(anonymous_6)","decl":{"start":{"line":175,"column":25},"end":{"line":175,"column":26}},"loc":{"start":{"line":175,"column":31},"end":{"line":175,"column":48}},"line":175},"7":{"name":"(anonymous_7)","decl":{"start":{"line":185,"column":25},"end":{"line":185,"column":26}},"loc":{"start":{"line":185,"column":31},"end":{"line":185,"column":48}},"line":185},"8":{"name":"(anonymous_8)","decl":{"start":{"line":195,"column":25},"end":{"line":195,"column":26}},"loc":{"start":{"line":195,"column":31},"end":{"line":195,"column":48}},"line":195},"9":{"name":"(anonymous_9)","decl":{"start":{"line":205,"column":25},"end":{"line":205,"column":26}},"loc":{"start":{"line":205,"column":31},"end":{"line":205,"column":48}},"line":205},"10":{"name":"(anonymous_10)","decl":{"start":{"line":215,"column":25},"end":{"line":215,"column":26}},"loc":{"start":{"line":215,"column":31},"end":{"line":215,"column":49}},"line":215},"11":{"name":"(anonymous_11)","decl":{"start":{"line":231,"column":25},"end":{"line":231,"column":26}},"loc":{"start":{"line":231,"column":31},"end":{"line":231,"column":48}},"line":231},"12":{"name":"(anonymous_12)","decl":{"start":{"line":239,"column":25},"end":{"line":239,"column":26}},"loc":{"start":{"line":239,"column":31},"end":{"line":239,"column":49}},"line":239},"13":{"name":"(anonymous_13)","decl":{"start":{"line":247,"column":25},"end":{"line":247,"column":26}},"loc":{"start":{"line":247,"column":31},"end":{"line":247,"column":49}},"line":247},"14":{"name":"(anonymous_14)","decl":{"start":{"line":261,"column":25},"end":{"line":261,"column":26}},"loc":{"start":{"line":261,"column":31},"end":{"line":261,"column":51}},"line":261},"15":{"name":"(anonymous_15)","decl":{"start":{"line":269,"column":25},"end":{"line":269,"column":26}},"loc":{"start":{"line":269,"column":31},"end":{"line":269,"column":52}},"line":269}},"branchMap":{"0":{"loc":{"start":{"line":37,"column":19},"end":{"line":37,"column":52}},"type":"binary-expr","locations":[{"start":{"line":37,"column":19},"end":{"line":37,"column":35}},{"start":{"line":37,"column":39},"end":{"line":37,"column":52}}],"line":37},"1":{"loc":{"start":{"line":39,"column":49},"end":{"line":39,"column":114}},"type":"binary-expr","locations":[{"start":{"line":39,"column":49},"end":{"line":39,"column":70}},{"start":{"line":39,"column":74},"end":{"line":39,"column":91}},{"start":{"line":39,"column":95},"end":{"line":39,"column":114}}],"line":39},"2":{"loc":{"start":{"line":40,"column":49},"end":{"line":40,"column":114}},"type":"binary-expr","locations":[{"start":{"line":40,"column":49},"end":{"line":40,"column":70}},{"start":{"line":40,"column":74},"end":{"line":40,"column":91}},{"start":{"line":40,"column":95},"end":{"line":40,"column":114}}],"line":40},"3":{"loc":{"start":{"line":41,"column":45},"end":{"line":41,"column":71}},"type":"binary-expr","locations":[{"start":{"line":41,"column":45},"end":{"line":41,"column":64}},{"start":{"line":41,"column":68},"end":{"line":41,"column":71}}],"line":41},"4":{"loc":{"start":{"line":42,"column":47},"end":{"line":42,"column":76}},"type":"binary-expr","locations":[{"start":{"line":42,"column":47},"end":{"line":42,"column":67}},{"start":{"line":42,"column":71},"end":{"line":42,"column":76}}],"line":42},"5":{"loc":{"start":{"line":43,"column":43},"end":{"line":43,"column":69}},"type":"binary-expr","locations":[{"start":{"line":43,"column":43},"end":{"line":43,"column":61}},{"start":{"line":43,"column":65},"end":{"line":43,"column":69}}],"line":43},"6":{"loc":{"start":{"line":44,"column":51},"end":{"line":44,"column":82}},"type":"binary-expr","locations":[{"start":{"line":44,"column":51},"end":{"line":44,"column":73}},{"start":{"line":44,"column":77},"end":{"line":44,"column":82}}],"line":44},"7":{"loc":{"start":{"line":45,"column":47},"end":{"line":45,"column":73}},"type":"binary-expr","locations":[{"start":{"line":45,"column":47},"end":{"line":45,"column":67}},{"start":{"line":45,"column":71},"end":{"line":45,"column":73}}],"line":45},"8":{"loc":{"start":{"line":46,"column":45},"end":{"line":46,"column":89}},"type":"cond-expr","locations":[{"start":{"line":46,"column":77},"end":{"line":46,"column":82}},{"start":{"line":46,"column":85},"end":{"line":46,"column":89}}],"line":46},"9":{"loc":{"start":{"line":47,"column":55},"end":{"line":47,"column":88}},"type":"binary-expr","locations":[{"start":{"line":47,"column":55},"end":{"line":47,"column":79}},{"start":{"line":47,"column":83},"end":{"line":47,"column":88}}],"line":47},"10":{"loc":{"start":{"line":48,"column":45},"end":{"line":48,"column":108}},"type":"binary-expr","locations":[{"start":{"line":48,"column":45},"end":{"line":48,"column":64}},{"start":{"line":48,"column":68},"end":{"line":48,"column":85}},{"start":{"line":48,"column":89},"end":{"line":48,"column":108}}],"line":48},"11":{"loc":{"start":{"line":49,"column":90},"end":{"line":49,"column":116}},"type":"binary-expr","locations":[{"start":{"line":49,"column":90},"end":{"line":49,"column":110}},{"start":{"line":49,"column":114},"end":{"line":49,"column":116}}],"line":49},"12":{"loc":{"start":{"line":51,"column":23},"end":{"line":51,"column":79}},"type":"cond-expr","locations":[{"start":{"line":51,"column":33},"end":{"line":51,"column":54}},{"start":{"line":51,"column":57},"end":{"line":51,"column":79}}],"line":51},"13":{"loc":{"start":{"line":56,"column":4},"end":{"line":58,"column":5}},"type":"if","locations":[{"start":{"line":56,"column":4},"end":{"line":58,"column":5}},{"start":{},"end":{}}],"line":56},"14":{"loc":{"start":{"line":63,"column":4},"end":{"line":65,"column":5}},"type":"if","locations":[{"start":{"line":63,"column":4},"end":{"line":65,"column":5}},{"start":{},"end":{}}],"line":63},"15":{"loc":{"start":{"line":69,"column":4},"end":{"line":72,"column":5}},"type":"if","locations":[{"start":{"line":69,"column":4},"end":{"line":72,"column":5}},{"start":{},"end":{}}],"line":69},"16":{"loc":{"start":{"line":80,"column":4},"end":{"line":88,"column":5}},"type":"if","locations":[{"start":{"line":80,"column":4},"end":{"line":88,"column":5}},{"start":{"line":84,"column":11},"end":{"line":88,"column":5}}],"line":80},"17":{"loc":{"start":{"line":93,"column":4},"end":{"line":95,"column":5}},"type":"if","locations":[{"start":{"line":93,"column":4},"end":{"line":95,"column":5}},{"start":{},"end":{}}],"line":93},"18":{"loc":{"start":{"line":115,"column":35},"end":{"line":115,"column":67}},"type":"binary-expr","locations":[{"start":{"line":115,"column":35},"end":{"line":115,"column":43}},{"start":{"line":115,"column":47},"end":{"line":115,"column":67}}],"line":115},"19":{"loc":{"start":{"line":118,"column":40},"end":{"line":118,"column":72}},"type":"binary-expr","locations":[{"start":{"line":118,"column":40},"end":{"line":118,"column":48}},{"start":{"line":118,"column":52},"end":{"line":118,"column":72}}],"line":118},"20":{"loc":{"start":{"line":130,"column":31},"end":{"line":130,"column":82}},"type":"cond-expr","locations":[{"start":{"line":130,"column":46},"end":{"line":130,"column":67}},{"start":{"line":130,"column":70},"end":{"line":130,"column":82}}],"line":130},"21":{"loc":{"start":{"line":135,"column":36},"end":{"line":135,"column":72}},"type":"binary-expr","locations":[{"start":{"line":135,"column":36},"end":{"line":135,"column":48}},{"start":{"line":135,"column":52},"end":{"line":135,"column":72}}],"line":135},"22":{"loc":{"start":{"line":149,"column":30},"end":{"line":149,"column":66}},"type":"cond-expr","locations":[{"start":{"line":149,"column":45},"end":{"line":149,"column":54}},{"start":{"line":149,"column":57},"end":{"line":149,"column":66}}],"line":149},"23":{"loc":{"start":{"line":153,"column":42},"end":{"line":153,"column":78}},"type":"binary-expr","locations":[{"start":{"line":153,"column":42},"end":{"line":153,"column":55}},{"start":{"line":153,"column":59},"end":{"line":153,"column":78}}],"line":153},"24":{"loc":{"start":{"line":170,"column":40},"end":{"line":170,"column":72}},"type":"binary-expr","locations":[{"start":{"line":170,"column":40},"end":{"line":170,"column":48}},{"start":{"line":170,"column":52},"end":{"line":170,"column":72}}],"line":170},"25":{"loc":{"start":{"line":177,"column":44},"end":{"line":177,"column":85}},"type":"binary-expr","locations":[{"start":{"line":177,"column":44},"end":{"line":177,"column":61}},{"start":{"line":177,"column":65},"end":{"line":177,"column":85}}],"line":177},"26":{"loc":{"start":{"line":180,"column":23},"end":{"line":180,"column":76}},"type":"cond-expr","locations":[{"start":{"line":180,"column":33},"end":{"line":180,"column":50}},{"start":{"line":180,"column":53},"end":{"line":180,"column":76}}],"line":180},"27":{"loc":{"start":{"line":187,"column":44},"end":{"line":187,"column":85}},"type":"binary-expr","locations":[{"start":{"line":187,"column":44},"end":{"line":187,"column":61}},{"start":{"line":187,"column":65},"end":{"line":187,"column":85}}],"line":187},"28":{"loc":{"start":{"line":190,"column":23},"end":{"line":190,"column":76}},"type":"cond-expr","locations":[{"start":{"line":190,"column":33},"end":{"line":190,"column":50}},{"start":{"line":190,"column":53},"end":{"line":190,"column":76}}],"line":190},"29":{"loc":{"start":{"line":197,"column":44},"end":{"line":197,"column":85}},"type":"binary-expr","locations":[{"start":{"line":197,"column":44},"end":{"line":197,"column":61}},{"start":{"line":197,"column":65},"end":{"line":197,"column":85}}],"line":197},"30":{"loc":{"start":{"line":200,"column":23},"end":{"line":200,"column":76}},"type":"cond-expr","locations":[{"start":{"line":200,"column":33},"end":{"line":200,"column":50}},{"start":{"line":200,"column":53},"end":{"line":200,"column":76}}],"line":200},"31":{"loc":{"start":{"line":207,"column":44},"end":{"line":207,"column":85}},"type":"binary-expr","locations":[{"start":{"line":207,"column":44},"end":{"line":207,"column":61}},{"start":{"line":207,"column":65},"end":{"line":207,"column":85}}],"line":207},"32":{"loc":{"start":{"line":210,"column":23},"end":{"line":210,"column":76}},"type":"cond-expr","locations":[{"start":{"line":210,"column":33},"end":{"line":210,"column":50}},{"start":{"line":210,"column":53},"end":{"line":210,"column":76}}],"line":210},"33":{"loc":{"start":{"line":217,"column":44},"end":{"line":217,"column":86}},"type":"binary-expr","locations":[{"start":{"line":217,"column":44},"end":{"line":217,"column":62}},{"start":{"line":217,"column":66},"end":{"line":217,"column":86}}],"line":217},"34":{"loc":{"start":{"line":220,"column":23},"end":{"line":220,"column":76}},"type":"cond-expr","locations":[{"start":{"line":220,"column":33},"end":{"line":220,"column":50}},{"start":{"line":220,"column":53},"end":{"line":220,"column":76}}],"line":220},"35":{"loc":{"start":{"line":226,"column":40},"end":{"line":226,"column":72}},"type":"binary-expr","locations":[{"start":{"line":226,"column":40},"end":{"line":226,"column":48}},{"start":{"line":226,"column":52},"end":{"line":226,"column":72}}],"line":226},"36":{"loc":{"start":{"line":228,"column":45},"end":{"line":228,"column":83}},"type":"binary-expr","locations":[{"start":{"line":228,"column":45},"end":{"line":228,"column":53}},{"start":{"line":228,"column":57},"end":{"line":228,"column":83}}],"line":228},"37":{"loc":{"start":{"line":233,"column":44},"end":{"line":233,"column":85}},"type":"binary-expr","locations":[{"start":{"line":233,"column":44},"end":{"line":233,"column":61}},{"start":{"line":233,"column":65},"end":{"line":233,"column":85}}],"line":233},"38":{"loc":{"start":{"line":241,"column":44},"end":{"line":241,"column":86}},"type":"binary-expr","locations":[{"start":{"line":241,"column":44},"end":{"line":241,"column":62}},{"start":{"line":241,"column":66},"end":{"line":241,"column":86}}],"line":241},"39":{"loc":{"start":{"line":245,"column":15},"end":{"line":251,"column":33}},"type":"binary-expr","locations":[{"start":{"line":245,"column":15},"end":{"line":245,"column":29}},{"start":{"line":245,"column":33},"end":{"line":251,"column":33}}],"line":245},"40":{"loc":{"start":{"line":249,"column":44},"end":{"line":249,"column":86}},"type":"binary-expr","locations":[{"start":{"line":249,"column":44},"end":{"line":249,"column":62}},{"start":{"line":249,"column":66},"end":{"line":249,"column":86}}],"line":249},"41":{"loc":{"start":{"line":256,"column":40},"end":{"line":256,"column":72}},"type":"binary-expr","locations":[{"start":{"line":256,"column":40},"end":{"line":256,"column":48}},{"start":{"line":256,"column":52},"end":{"line":256,"column":72}}],"line":256},"42":{"loc":{"start":{"line":258,"column":45},"end":{"line":258,"column":83}},"type":"binary-expr","locations":[{"start":{"line":258,"column":45},"end":{"line":258,"column":53}},{"start":{"line":258,"column":57},"end":{"line":258,"column":83}}],"line":258},"43":{"loc":{"start":{"line":263,"column":44},"end":{"line":263,"column":88}},"type":"binary-expr","locations":[{"start":{"line":263,"column":44},"end":{"line":263,"column":64}},{"start":{"line":263,"column":68},"end":{"line":263,"column":88}}],"line":263},"44":{"loc":{"start":{"line":271,"column":44},"end":{"line":271,"column":89}},"type":"binary-expr","locations":[{"start":{"line":271,"column":44},"end":{"line":271,"column":65}},{"start":{"line":271,"column":69},"end":{"line":271,"column":89}}],"line":271},"45":{"loc":{"start":{"line":283,"column":30},"end":{"line":283,"column":63}},"type":"cond-expr","locations":[{"start":{"line":283,"column":42},"end":{"line":283,"column":51}},{"start":{"line":283,"column":54},"end":{"line":283,"column":63}}],"line":283},"46":{"loc":{"start":{"line":285,"column":54},"end":{"line":285,"column":90}},"type":"cond-expr","locations":[{"start":{"line":285,"column":66},"end":{"line":285,"column":76}},{"start":{"line":285,"column":79},"end":{"line":285,"column":90}}],"line":285}},"s":{"0":1,"1":1,"2":1,"3":1,"4":1,"5":1,"6":1,"7":1,"8":1,"9":1,"10":46,"11":46,"12":46,"13":46,"14":46,"15":46,"16":46,"17":46,"18":46,"19":46,"20":46,"21":46,"22":46,"23":46,"24":0,"25":0,"26":0,"27":0,"28":46,"29":0,"30":0,"31":46,"32":0,"33":0,"34":0,"35":0,"36":0,"37":46,"38":0,"39":0,"40":0,"41":0,"42":0,"43":46,"44":0,"45":0,"46":0,"47":0,"48":46,"49":0,"50":0,"51":0,"52":0,"53":0,"54":0,"55":0,"56":0,"57":0,"58":0,"59":1,"60":1},"f":{"0":46,"1":0,"2":0,"3":0,"4":0,"5":0,"6":0,"7":0,"8":0,"9":0,"10":0,"11":0,"12":0,"13":0,"14":0,"15":0},"b":{"0":[46,44],"1":[46,42,42],"2":[46,42,42],"3":[46,44],"4":[46,44],"5":[46,44],"6":[46,46],"7":[46,44],"8":[2,44],"9":[46,46],"10":[46,46,46],"11":[46,44],"12":[42,4],"13":[0,0],"14":[0,0],"15":[0,0],"16":[0,0],"17":[0,0],"18":[0,0],"19":[0,0],"20":[0,0],"21":[0,0],"22":[0,0],"23":[0,0],"24":[0,0],"25":[0,0],"26":[0,0],"27":[0,0],"28":[0,0],"29":[0,0],"30":[0,0],"31":[0,0],"32":[0,0],"33":[0,0],"34":[0,0],"35":[0,0],"36":[0,0],"37":[0,0],"38":[0,0],"39":[0,0],"40":[0,0],"41":[0,0],"42":[0,0],"43":[0,0],"44":[0,0],"45":[0,0],"46":[0,0]},"_coverageSchema":"1a1c01bbd47fc00a2c39e90264f33305004495a9","hash":"caf2b968f825840a380e081643826aa5b976130b"}
}
