TN:
SF:components\Card.js
FN:152,Card
FN:153,(anonymous_1)
FNF:2
FNH:1
FNDA:17,Card
FNDA:0,(anonymous_1)
DA:5,2
DA:153,17
DA:154,0
DA:155,0
DA:160,17
DA:163,17
DA:167,17
DA:168,2
DA:172,15
DA:173,15
DA:175,15
DA:187,2
LF:12
LH:10
BRDA:154,0,0,0
BRDA:154,0,1,0
BRDA:154,1,0,0
BRDA:154,1,1,0
BRDA:160,2,0,17
BRDA:160,2,1,0
BRDA:167,3,0,2
BRDA:167,3,1,15
BRDA:167,4,0,17
BRDA:167,4,1,3
BRDA:172,5,0,15
BRDA:172,5,1,12
BRDA:173,6,0,6
BRDA:173,6,1,9
BRDA:178,7,0,15
BRDA:178,7,1,12
BRF:16
BRH:11
end_of_record
TN:
SF:components\GameBoard.js
FN:9,(anonymous_0)
FN:10,(anonymous_1)
FN:12,(anonymous_2)
FN:22,GameBoard
FN:41,(anonymous_4)
FN:54,(anonymous_5)
FN:55,(anonymous_6)
FN:64,(anonymous_7)
FN:66,(anonymous_8)
FN:81,(anonymous_9)
FN:83,(anonymous_10)
FN:88,(anonymous_11)
FN:92,(anonymous_12)
FN:110,(anonymous_13)
FN:115,(anonymous_14)
FN:120,(anonymous_15)
FN:126,(anonymous_16)
FN:131,(anonymous_17)
FN:142,(anonymous_18)
FN:146,(anonymous_19)
FN:152,(anonymous_20)
FN:152,(anonymous_21)
FN:157,(anonymous_22)
FN:174,(anonymous_23)
FN:177,(anonymous_24)
FN:179,(anonymous_25)
FN:184,(anonymous_26)
FN:193,(anonymous_27)
FN:193,(anonymous_28)
FN:194,(anonymous_29)
FN:220,(anonymous_30)
FN:224,(anonymous_31)
FN:225,(anonymous_32)
FN:234,(anonymous_33)
FN:247,(anonymous_34)
FN:253,(anonymous_35)
FN:258,(anonymous_36)
FN:263,(anonymous_37)
FN:328,(anonymous_38)
FNF:39
FNH:1
FNDA:0,(anonymous_0)
FNDA:0,(anonymous_1)
FNDA:0,(anonymous_2)
FNDA:48,GameBoard
FNDA:0,(anonymous_4)
FNDA:0,(anonymous_5)
FNDA:0,(anonymous_6)
FNDA:0,(anonymous_7)
FNDA:0,(anonymous_8)
FNDA:0,(anonymous_9)
FNDA:0,(anonymous_10)
FNDA:0,(anonymous_11)
FNDA:0,(anonymous_12)
FNDA:0,(anonymous_13)
FNDA:0,(anonymous_14)
FNDA:0,(anonymous_15)
FNDA:0,(anonymous_16)
FNDA:0,(anonymous_17)
FNDA:0,(anonymous_18)
FNDA:0,(anonymous_19)
FNDA:0,(anonymous_20)
FNDA:0,(anonymous_21)
FNDA:0,(anonymous_22)
FNDA:0,(anonymous_23)
FNDA:0,(anonymous_24)
FNDA:0,(anonymous_25)
FNDA:0,(anonymous_26)
FNDA:0,(anonymous_27)
FNDA:0,(anonymous_28)
FNDA:0,(anonymous_29)
FNDA:0,(anonymous_30)
FNDA:0,(anonymous_31)
FNDA:0,(anonymous_32)
FNDA:0,(anonymous_33)
FNDA:0,(anonymous_34)
FNDA:0,(anonymous_35)
FNDA:0,(anonymous_36)
FNDA:0,(anonymous_37)
FNDA:0,(anonymous_38)
DA:6,1
DA:7,1
DA:9,1
DA:10,1
DA:12,1
DA:13,0
DA:14,0
DA:15,0
DA:16,0
DA:17,0
DA:19,0
DA:23,48
DA:24,48
DA:25,48
DA:26,48
DA:27,48
DA:28,48
DA:29,48
DA:30,48
DA:31,48
DA:32,48
DA:33,48
DA:36,48
DA:37,48
DA:38,48
DA:39,48
DA:41,48
DA:42,0
DA:43,0
DA:44,0
DA:45,0
DA:46,0
DA:49,0
DA:54,48
DA:55,0
DA:56,0
DA:57,0
DA:58,0
DA:59,0
DA:61,0
DA:64,48
DA:65,0
DA:66,0
DA:72,0
DA:73,0
DA:75,0
DA:78,0
DA:80,0
DA:81,0
DA:82,0
DA:83,0
DA:84,0
DA:88,48
DA:89,0
DA:92,48
DA:93,0
DA:96,0
DA:99,0
DA:100,0
DA:102,0
DA:103,0
DA:104,0
DA:105,0
DA:106,0
DA:110,0
DA:111,0
DA:115,48
DA:116,0
DA:120,0
DA:121,0
DA:122,0
DA:126,48
DA:127,0
DA:128,0
DA:131,48
DA:134,0
DA:135,0
DA:138,0
DA:139,0
DA:141,0
DA:142,0
DA:144,0
DA:145,0
DA:146,0
DA:147,0
DA:148,0
DA:149,0
DA:151,0
DA:152,0
DA:154,0
DA:156,0
DA:157,0
DA:158,0
DA:159,0
DA:160,0
DA:161,0
DA:162,0
DA:164,0
DA:169,0
DA:170,0
DA:171,0
DA:172,0
DA:173,0
DA:174,0
DA:175,0
DA:177,0
DA:178,0
DA:179,0
DA:180,0
DA:182,0
DA:183,0
DA:184,0
DA:185,0
DA:186,0
DA:187,0
DA:189,0
DA:190,0
DA:192,0
DA:193,0
DA:194,0
DA:195,0
DA:196,0
DA:197,0
DA:201,0
DA:202,0
DA:206,0
DA:208,0
DA:211,0
DA:212,0
DA:213,0
DA:214,0
DA:220,48
DA:221,0
DA:222,0
DA:224,0
DA:225,0
DA:226,0
DA:227,0
DA:228,0
DA:231,0
DA:234,0
DA:235,0
DA:236,0
DA:237,0
DA:238,0
DA:240,0
DA:243,0
DA:244,0
DA:245,0
DA:246,0
DA:247,0
DA:248,0
DA:249,0
DA:251,0
DA:252,0
DA:253,0
DA:254,0
DA:255,0
DA:256,0
DA:257,0
DA:258,0
DA:259,0
DA:260,0
DA:262,0
DA:263,0
DA:264,0
DA:265,0
DA:268,0
DA:271,0
DA:274,0
DA:280,48
DA:281,0
DA:285,0
DA:286,0
DA:287,0
DA:288,0
DA:289,0
DA:290,0
DA:292,0
DA:293,0
DA:294,0
DA:296,0
DA:297,0
DA:298,0
DA:299,0
DA:301,0
DA:305,0
DA:329,0
DA:379,1
LF:189
LH:31
BRDA:36,0,0,46
BRDA:36,0,1,2
BRDA:42,1,0,0
BRDA:42,1,1,0
BRDA:45,2,0,0
BRDA:45,2,1,0
BRDA:80,3,0,0
BRDA:80,3,1,0
BRDA:89,4,0,0
BRDA:89,4,1,0
BRDA:92,5,0,0
BRDA:99,6,0,0
BRDA:99,6,1,0
BRDA:102,7,0,0
BRDA:102,7,1,0
BRDA:104,8,0,0
BRDA:104,8,1,0
BRDA:105,9,0,0
BRDA:105,9,1,0
BRDA:131,10,0,0
BRDA:134,11,0,0
BRDA:134,11,1,0
BRDA:134,12,0,0
BRDA:134,12,1,0
BRDA:134,12,2,0
BRDA:138,13,0,0
BRDA:138,13,1,0
BRDA:138,14,0,0
BRDA:138,14,1,0
BRDA:139,15,0,0
BRDA:139,15,1,0
BRDA:139,16,0,0
BRDA:139,16,1,0
BRDA:144,17,0,0
BRDA:144,17,1,0
BRDA:145,18,0,0
BRDA:145,18,1,0
BRDA:149,19,0,0
BRDA:149,19,1,0
BRDA:149,20,0,0
BRDA:149,20,1,0
BRDA:149,20,2,0
BRDA:156,21,0,0
BRDA:156,21,1,0
BRDA:160,22,0,0
BRDA:160,22,1,0
BRDA:160,23,0,0
BRDA:160,23,1,0
BRDA:169,24,0,0
BRDA:169,24,1,0
BRDA:172,25,0,0
BRDA:172,25,1,0
BRDA:182,26,0,0
BRDA:182,26,1,0
BRDA:192,27,0,0
BRDA:192,27,1,0
BRDA:193,28,0,0
BRDA:193,28,1,0
BRDA:201,29,0,0
BRDA:201,29,1,0
BRDA:221,30,0,0
BRDA:221,30,1,0
BRDA:221,31,0,0
BRDA:221,31,1,0
BRDA:221,31,2,0
BRDA:221,31,3,0
BRDA:221,31,4,0
BRDA:227,32,0,0
BRDA:227,32,1,0
BRDA:227,33,0,0
BRDA:227,33,1,0
BRDA:236,34,0,0
BRDA:236,34,1,0
BRDA:236,35,0,0
BRDA:236,35,1,0
BRDA:238,36,0,0
BRDA:238,36,1,0
BRDA:244,37,0,0
BRDA:244,37,1,0
BRDA:244,38,0,0
BRDA:244,38,1,0
BRDA:251,39,0,0
BRDA:251,39,1,0
BRDA:254,40,0,0
BRDA:254,40,1,0
BRDA:257,41,0,0
BRDA:257,41,1,0
BRDA:262,42,0,0
BRDA:262,42,1,0
BRDA:286,43,0,0
BRDA:286,43,1,0
BRDA:287,44,0,0
BRDA:287,44,1,0
BRDA:299,45,0,0
BRDA:299,45,1,0
BRDA:301,46,0,0
BRDA:301,46,1,0
BRDA:303,47,0,0
BRDA:303,47,1,0
BRDA:307,48,0,0
BRDA:307,48,1,0
BRDA:312,49,0,0
BRDA:312,49,1,0
BRDA:332,50,0,0
BRDA:332,50,1,0
BRDA:332,51,0,0
BRDA:332,51,1,0
BRDA:348,52,0,0
BRDA:348,52,1,0
BRDA:367,53,0,0
BRDA:367,53,1,0
BRF:111
BRH:2
end_of_record
TN:
SF:components\Header.js
FN:4,Header
FNF:1
FNH:1
FNDA:17,Header
DA:5,17
DA:35,1
LF:2
LH:2
BRDA:6,0,0,16
BRDA:6,0,1,1
BRDA:8,1,0,17
BRDA:8,1,1,16
BRDA:8,1,2,14
BRDA:23,2,0,17
BRDA:23,2,1,16
BRDA:23,2,2,2
BRF:8
BRH:8
end_of_record
TN:
SF:components\WelcomeScreen.js
FN:35,WelcomeScreen
FN:53,(anonymous_1)
FN:62,(anonymous_2)
FN:68,(anonymous_3)
FN:79,(anonymous_4)
FN:91,(anonymous_5)
FN:175,(anonymous_6)
FN:185,(anonymous_7)
FN:195,(anonymous_8)
FN:205,(anonymous_9)
FN:215,(anonymous_10)
FN:231,(anonymous_11)
FN:239,(anonymous_12)
FN:247,(anonymous_13)
FN:261,(anonymous_14)
FN:269,(anonymous_15)
FNF:16
FNH:1
FNDA:46,WelcomeScreen
FNDA:0,(anonymous_1)
FNDA:0,(anonymous_2)
FNDA:0,(anonymous_3)
FNDA:0,(anonymous_4)
FNDA:0,(anonymous_5)
FNDA:0,(anonymous_6)
FNDA:0,(anonymous_7)
FNDA:0,(anonymous_8)
FNDA:0,(anonymous_9)
FNDA:0,(anonymous_10)
FNDA:0,(anonymous_11)
FNDA:0,(anonymous_12)
FNDA:0,(anonymous_13)
FNDA:0,(anonymous_14)
FNDA:0,(anonymous_15)
DA:6,1
DA:11,1
DA:19,1
DA:27,1
DA:28,1
DA:29,1
DA:30,1
DA:31,1
DA:32,1
DA:33,1
DA:37,46
DA:39,46
DA:40,46
DA:41,46
DA:42,46
DA:43,46
DA:44,46
DA:45,46
DA:46,46
DA:47,46
DA:48,46
DA:49,46
DA:51,46
DA:53,46
DA:54,0
DA:55,0
DA:56,0
DA:57,0
DA:62,46
DA:63,0
DA:64,0
DA:68,46
DA:69,0
DA:71,0
DA:74,0
DA:75,0
DA:76,0
DA:79,46
DA:80,0
DA:82,0
DA:83,0
DA:86,0
DA:87,0
DA:91,46
DA:93,0
DA:94,0
DA:97,0
DA:109,0
DA:112,46
DA:175,0
DA:185,0
DA:195,0
DA:205,0
DA:215,0
DA:231,0
DA:239,0
DA:247,0
DA:261,0
DA:269,0
DA:303,1
DA:309,1
LF:61
LH:31
BRDA:37,0,0,46
BRDA:37,0,1,44
BRDA:39,1,0,46
BRDA:39,1,1,42
BRDA:39,1,2,42
BRDA:40,2,0,46
BRDA:40,2,1,42
BRDA:40,2,2,42
BRDA:41,3,0,46
BRDA:41,3,1,44
BRDA:42,4,0,46
BRDA:42,4,1,44
BRDA:43,5,0,46
BRDA:43,5,1,44
BRDA:44,6,0,46
BRDA:44,6,1,46
BRDA:45,7,0,46
BRDA:45,7,1,44
BRDA:46,8,0,2
BRDA:46,8,1,44
BRDA:47,9,0,46
BRDA:47,9,1,46
BRDA:48,10,0,46
BRDA:48,10,1,46
BRDA:48,10,2,46
BRDA:49,11,0,46
BRDA:49,11,1,44
BRDA:51,12,0,42
BRDA:51,12,1,4
BRDA:56,13,0,0
BRDA:56,13,1,0
BRDA:63,14,0,0
BRDA:63,14,1,0
BRDA:69,15,0,0
BRDA:69,15,1,0
BRDA:80,16,0,0
BRDA:80,16,1,0
BRDA:93,17,0,0
BRDA:93,17,1,0
BRDA:115,18,0,0
BRDA:115,18,1,0
BRDA:118,19,0,0
BRDA:118,19,1,0
BRDA:130,20,0,0
BRDA:130,20,1,0
BRDA:135,21,0,0
BRDA:135,21,1,0
BRDA:149,22,0,0
BRDA:149,22,1,0
BRDA:153,23,0,0
BRDA:153,23,1,0
BRDA:170,24,0,0
BRDA:170,24,1,0
BRDA:177,25,0,0
BRDA:177,25,1,0
BRDA:180,26,0,0
BRDA:180,26,1,0
BRDA:187,27,0,0
BRDA:187,27,1,0
BRDA:190,28,0,0
BRDA:190,28,1,0
BRDA:197,29,0,0
BRDA:197,29,1,0
BRDA:200,30,0,0
BRDA:200,30,1,0
BRDA:207,31,0,0
BRDA:207,31,1,0
BRDA:210,32,0,0
BRDA:210,32,1,0
BRDA:217,33,0,0
BRDA:217,33,1,0
BRDA:220,34,0,0
BRDA:220,34,1,0
BRDA:226,35,0,0
BRDA:226,35,1,0
BRDA:228,36,0,0
BRDA:228,36,1,0
BRDA:233,37,0,0
BRDA:233,37,1,0
BRDA:241,38,0,0
BRDA:241,38,1,0
BRDA:245,39,0,0
BRDA:245,39,1,0
BRDA:249,40,0,0
BRDA:249,40,1,0
BRDA:256,41,0,0
BRDA:256,41,1,0
BRDA:258,42,0,0
BRDA:258,42,1,0
BRDA:263,43,0,0
BRDA:263,43,1,0
BRDA:271,44,0,0
BRDA:271,44,1,0
BRDA:283,45,0,0
BRDA:283,45,1,0
BRDA:285,46,0,0
BRDA:285,46,1,0
BRF:97
BRH:29
end_of_record
